<?xml version="1.0" encoding="UTF-8"?>
<testsuite xmlns:xsi="http://www.w3.org/2001/XMLSchema-instance" xsi:noNamespaceSchemaLocation="https://maven.apache.org/surefire/maven-surefire-plugin/xsd/surefire-test-report-3.0.xsd" version="3.0" name="edu.auburn.cpsc4970.auth.UsernamePasswordAuthenticatorTest" time="5.926" tests="6" errors="0" skipped="0" failures="0">
  <properties>
[...]
</properties>
  <testcase name="testUsernameNullValue" classname="edu.auburn.cpsc4970.auth.UsernamePasswordAuthenticatorTest" time="0.008">
    <system-out><![CDATA[2024-07-26 20:45:48 INFO  UsernamePasswordAuthenticator:32 Peter - Login for null
2024-07-26 20:45:48 ERROR AULoginException:17 Peter - Login Error: Username can not be null
]]></system-out>
  </testcase>
  <testcase name="testPasswordNullValue" classname="edu.auburn.cpsc4970.auth.UsernamePasswordAuthenticatorTest" time="0.002">
    <system-out><![CDATA[2024-07-26 20:45:48 INFO  UsernamePasswordAuthenticator:32 Peter - Login for Jordan
2024-07-26 20:45:48 ERROR AULoginException:17 Peter - Login Error: Password can not be null
]]></system-out>
  </testcase>
  <testcase name="testValidUsers" classname="edu.auburn.cpsc4970.auth.UsernamePasswordAuthenticatorTest" time="2.852">
    <system-out><![CDATA[2024-07-26 20:45:48 INFO  UsernamePasswordAuthenticator:32 Peter - Login for Petrie
2024-07-26 20:45:48 INFO  DBUtils:206 Peter - Looking up name for user: Petrie
2024-07-26 20:45:48 INFO  DBUtils:210 Peter - Rows Returned: 0
2024-07-26 20:45:49 INFO  DBUtils:108 Peter - Found password: 1857 for user Petrie
2024-07-26 20:45:49 INFO  UserSession:24 Peter - Created new user session for: Petrie
2024-07-26 20:45:49 INFO  UsernamePasswordAuthenticator:32 Peter - Login for Jordan
2024-07-26 20:45:49 INFO  DBUtils:206 Peter - Looking up name for user: Jordan
2024-07-26 20:45:49 INFO  DBUtils:210 Peter - Rows Returned: 0
2024-07-26 20:45:49 INFO  DBUtils:108 Peter - Found password: 1957 for user Jordan
2024-07-26 20:45:49 INFO  UserSession:24 Peter - Created new user session for: Jordan
2024-07-26 20:45:49 INFO  UsernamePasswordAuthenticator:32 Peter - Login for Hare
2024-07-26 20:45:50 INFO  DBUtils:206 Peter - Looking up name for user: Hare
2024-07-26 20:45:50 INFO  DBUtils:210 Peter - Rows Returned: 0
2024-07-26 20:45:50 INFO  DBUtils:108 Peter - Found password: 2010 for user Hare
2024-07-26 20:45:50 INFO  UserSession:24 Peter - Created new user session for: Hare
]]></system-out>
  </testcase>
  <testcase name="testPasswordComplexity" classname="edu.auburn.cpsc4970.auth.UsernamePasswordAuthenticatorTest" time="0.0"/>
  <testcase name="testInvalidUsers" classname="edu.auburn.cpsc4970.auth.UsernamePasswordAuthenticatorTest" time="0.783">
    <system-out><![CDATA[2024-07-26 20:45:50 INFO  UsernamePasswordAuthenticator:32 Peter - Login for Goblin
2024-07-26 20:45:51 INFO  DBUtils:206 Peter - Looking up name for user: Goblin
2024-07-26 20:45:51 INFO  DBUtils:210 Peter - Rows Returned: 0
2024-07-26 20:45:51 ERROR AULoginException:17 Peter - Login Error: User "Goblin" does not exist.
2024-07-26 20:45:51 INFO  UsernamePasswordAuthenticator:32 Peter - Login for Voldemort
2024-07-26 20:45:51 INFO  DBUtils:206 Peter - Looking up name for user: Voldemort
2024-07-26 20:45:51 INFO  DBUtils:210 Peter - Rows Returned: 0
2024-07-26 20:45:51 ERROR AULoginException:17 Peter - Login Error: User "Voldemort" does not exist.
]]></system-out>
  </testcase>
  <testcase name="testInvalidPasswords" classname="edu.auburn.cpsc4970.auth.UsernamePasswordAuthenticatorTest" time="2.271">
    <system-out><![CDATA[2024-07-26 20:45:51 INFO  UsernamePasswordAuthenticator:32 Peter - Login for Petrie
2024-07-26 20:45:52 INFO  DBUtils:206 Peter - Looking up name for user: Petrie
2024-07-26 20:45:52 INFO  DBUtils:210 Peter - Rows Returned: 0
2024-07-26 20:45:52 INFO  DBUtils:108 Peter - Found password: 1857 for user Petrie
2024-07-26 20:45:52 ERROR AULoginException:17 Peter - Login Error: Password for "Petrie" is invalid
2024-07-26 20:45:52 INFO  UsernamePasswordAuthenticator:32 Peter - Login for Jordan
2024-07-26 20:45:52 INFO  DBUtils:206 Peter - Looking up name for user: Jordan
2024-07-26 20:45:52 INFO  DBUtils:210 Peter - Rows Returned: 0
2024-07-26 20:45:53 INFO  DBUtils:108 Peter - Found password: 1957 for user Jordan
2024-07-26 20:45:53 ERROR AULoginException:17 Peter - Login Error: Password for "Jordan" is invalid
2024-07-26 20:45:53 INFO  UsernamePasswordAuthenticator:32 Peter - Login for Hare
2024-07-26 20:45:53 INFO  DBUtils:206 Peter - Looking up name for user: Hare
2024-07-26 20:45:53 INFO  DBUtils:210 Peter - Rows Returned: 0
2024-07-26 20:45:53 INFO  DBUtils:108 Peter - Found password: 2010 for user Hare
2024-07-26 20:45:53 ERROR AULoginException:17 Peter - Login Error: Password for "Hare" is invalid
]]></system-out>
  </testcase>
</testsuite>